[     138ms] [INFO] %cDownload the React DevTools for a better development experience: https://react.dev/link/react-devtools font-weight:bold @ http://localhost:3000/_next/static/chunks/node_modules_next_dist_115brz8._.js:2431
[     181ms] [LOG] [HMR] connected @ http://localhost:3000/_next/static/chunks/node_modules_next_dist_115brz8._.js:2431
[    2253ms] [WARNING] Expected value to be of type number, but found null instead. @ blob:http://localhost:3000/2a42125f-0d91-44b4-989b-fd398b5f255b:8091
[    2254ms] [WARNING] Expected value to be of type number, but found null instead. @ blob:http://localhost:3000/2a42125f-0d91-44b4-989b-fd398b5f255b:8091
[    2444ms] [WARNING] Image "movie_or_theatre_11" could not be loaded. Please make sure you have added the image with map.addImage() or a "sprite" property in your style. You can provide missing images by listening for the "styleimagemissing" map event. @ http://localhost:3000/_next/static/chunks/node_modules_next_dist_115brz8._.js:2431
[    2817ms] [WARNING] Image "street_11" could not be loaded. Please make sure you have added the image with map.addImage() or a "sprite" property in your style. You can provide missing images by listening for the "styleimagemissing" map event. @ http://localhost:3000/_next/static/chunks/node_modules_next_dist_115brz8._.js:2431
[  267398ms] [LOG] [Fast Refresh] rebuilding @ http://localhost:3000/_next/static/chunks/node_modules_next_dist_115brz8._.js:2431
[  267475ms] [LOG] [Fast Refresh] done in 140ms @ http://localhost:3000/_next/static/chunks/node_modules_next_dist_115brz8._.js:2431
[  267481ms] [LOG] [Fast Refresh] rebuilding @ http://localhost:3000/_next/static/chunks/node_modules_next_dist_115brz8._.js:2431
[  267500ms] [LOG] [Fast Refresh] done in 8ms @ http://localhost:3000/_next/static/chunks/node_modules_next_dist_115brz8._.js:2431
[  268704ms] [WARNING] Expected value to be of type number, but found null instead. @ blob:http://localhost:3000/2a42125f-0d91-44b4-989b-fd398b5f255b:8091
[  268708ms] [WARNING] Expected value to be of type number, but found null instead. @ blob:http://localhost:3000/2a42125f-0d91-44b4-989b-fd398b5f255b:8091
[  366439ms] [LOG] [Fast Refresh] rebuilding @ http://localhost:3000/_next/static/chunks/node_modules_next_dist_115brz8._.js:2431
[  366469ms] [LOG] [Fast Refresh] done in 12ms @ http://localhost:3000/_next/static/chunks/node_modules_next_dist_115brz8._.js:2431
[  388611ms] [INFO] %cDownload the React DevTools for a better development experience: https://react.dev/link/react-devtools font-weight:bold @ http://localhost:3000/_next/static/chunks/node_modules_next_dist_115brz8._.js:2431
[  388632ms] [LOG] [HMR] connected @ http://localhost:3000/_next/static/chunks/node_modules_next_dist_115brz8._.js:2431
[  389221ms] [WARNING] Expected value to be of type number, but found null instead. @ blob:http://localhost:3000/a1d6916f-3943-4310-b3a1-ec1f0e772360:8091
[  389225ms] [WARNING] Expected value to be of type number, but found null instead. @ blob:http://localhost:3000/a1d6916f-3943-4310-b3a1-ec1f0e772360:8091
[  389296ms] [WARNING] Image "movie_or_theatre_11" could not be loaded. Please make sure you have added the image with map.addImage() or a "sprite" property in your style. You can provide missing images by listening for the "styleimagemissing" map event. @ http://localhost:3000/_next/static/chunks/node_modules_next_dist_115brz8._.js:2431
[  389326ms] [WARNING] Image "street_11" could not be loaded. Please make sure you have added the image with map.addImage() or a "sprite" property in your style. You can provide missing images by listening for the "styleimagemissing" map event. @ http://localhost:3000/_next/static/chunks/node_modules_next_dist_115brz8._.js:2431
[  560656ms] [ERROR] pt @ http://localhost:3000/_next/static/chunks/node_modules_next_dist_115brz8._.js:3272
[  560658ms] [ERROR] pt @ http://localhost:3000/_next/static/chunks/node_modules_next_dist_115brz8._.js:3272
[  560658ms] [ERROR] pt @ http://localhost:3000/_next/static/chunks/node_modules_next_dist_115brz8._.js:3272
[  560660ms] [ERROR] pt @ http://localhost:3000/_next/static/chunks/node_modules_next_dist_115brz8._.js:3272
[  560665ms] [ERROR] pt @ http://localhost:3000/_next/static/chunks/node_modules_next_dist_115brz8._.js:3272
[  560665ms] [ERROR] pt @ http://localhost:3000/_next/static/chunks/node_modules_next_dist_115brz8._.js:3272
[  560669ms] [ERROR] pt @ http://localhost:3000/_next/static/chunks/node_modules_next_dist_115brz8._.js:3272
[  560669ms] [ERROR] pt @ http://localhost:3000/_next/static/chunks/node_modules_next_dist_115brz8._.js:3272
[  560669ms] [ERROR] pt @ http://localhost:3000/_next/static/chunks/node_modules_next_dist_115brz8._.js:3272
[  560670ms] [ERROR] pt @ http://localhost:3000/_next/static/chunks/node_modules_next_dist_115brz8._.js:3272
[  560673ms] [ERROR] pt @ http://localhost:3000/_next/static/chunks/node_modules_next_dist_115brz8._.js:3272
[  560674ms] [ERROR] pt @ http://localhost:3000/_next/static/chunks/node_modules_next_dist_115brz8._.js:3272
[  560674ms] [ERROR] pt @ http://localhost:3000/_next/static/chunks/node_modules_next_dist_115brz8._.js:3272
[  560678ms] [ERROR] pt @ http://localhost:3000/_next/static/chunks/node_modules_next_dist_115brz8._.js:3272
[  560679ms] [ERROR] pt @ http://localhost:3000/_next/static/chunks/node_modules_next_dist_115brz8._.js:3272
[  560682ms] [ERROR] pt @ http://localhost:3000/_next/static/chunks/node_modules_next_dist_115brz8._.js:3272
[  560684ms] [ERROR] pt @ http://localhost:3000/_next/static/chunks/node_modules_next_dist_115brz8._.js:3272
[  560684ms] [ERROR] pt @ http://localhost:3000/_next/static/chunks/node_modules_next_dist_115brz8._.js:3272
[  560704ms] [ERROR] pt @ http://localhost:3000/_next/static/chunks/node_modules_next_dist_115brz8._.js:3272
[  560706ms] [ERROR] pt @ http://localhost:3000/_next/static/chunks/node_modules_next_dist_115brz8._.js:3272
[  560711ms] [ERROR] pt @ http://localhost:3000/_next/static/chunks/node_modules_next_dist_115brz8._.js:3272
[  560712ms] [ERROR] pt @ http://localhost:3000/_next/static/chunks/node_modules_next_dist_115brz8._.js:3272
[  560713ms] [ERROR] pt @ http://localhost:3000/_next/static/chunks/node_modules_next_dist_115brz8._.js:3272
[  560714ms] [ERROR] pt @ http://localhost:3000/_next/static/chunks/node_modules_next_dist_115brz8._.js:3272
[  560715ms] [ERROR] pt @ http://localhost:3000/_next/static/chunks/node_modules_next_dist_115brz8._.js:3272
[  560715ms] [ERROR] pt @ http://localhost:3000/_next/static/chunks/node_modules_next_dist_115brz8._.js:3272
[  560908ms] [ERROR] pt @ http://localhost:3000/_next/static/chunks/node_modules_next_dist_115brz8._.js:3272
[  560908ms] [ERROR] pt @ http://localhost:3000/_next/static/chunks/node_modules_next_dist_115brz8._.js:3272
[  560921ms] [ERROR] pt @ http://localhost:3000/_next/static/chunks/node_modules_next_dist_115brz8._.js:3272
[  560921ms] [ERROR] pt @ http://localhost:3000/_next/static/chunks/node_modules_next_dist_115brz8._.js:3272
[  560939ms] [ERROR] pt @ http://localhost:3000/_next/static/chunks/node_modules_next_dist_115brz8._.js:3272
[  560939ms] [ERROR] pt @ http://localhost:3000/_next/static/chunks/node_modules_next_dist_115brz8._.js:3272
[  560958ms] [ERROR] pt @ http://localhost:3000/_next/static/chunks/node_modules_next_dist_115brz8._.js:3272
[  560958ms] [ERROR] pt @ http://localhost:3000/_next/static/chunks/node_modules_next_dist_115brz8._.js:3272
[  560971ms] [ERROR] pt @ http://localhost:3000/_next/static/chunks/node_modules_next_dist_115brz8._.js:3272
[  560971ms] [ERROR] pt @ http://localhost:3000/_next/static/chunks/node_modules_next_dist_115brz8._.js:3272
[  561176ms] [ERROR] pt @ http://localhost:3000/_next/static/chunks/node_modules_next_dist_115brz8._.js:3272
[  561180ms] [ERROR] pt @ http://localhost:3000/_next/static/chunks/node_modules_next_dist_115brz8._.js:3272
[  561186ms] [ERROR] pt @ http://localhost:3000/_next/static/chunks/node_modules_next_dist_115brz8._.js:3272
[  561196ms] [ERROR] pt @ http://localhost:3000/_next/static/chunks/node_modules_next_dist_115brz8._.js:3272
[  561196ms] [ERROR] pt @ http://localhost:3000/_next/static/chunks/node_modules_next_dist_115brz8._.js:3272
[  561213ms] [ERROR] pt @ http://localhost:3000/_next/static/chunks/node_modules_next_dist_115brz8._.js:3272
[  561213ms] [ERROR] pt @ http://localhost:3000/_next/static/chunks/node_modules_next_dist_115brz8._.js:3272
[  561228ms] [ERROR] pt @ http://localhost:3000/_next/static/chunks/node_modules_next_dist_115brz8._.js:3272
[  600157ms] [LOG] [Fast Refresh] rebuilding @ http://localhost:3000/_next/static/chunks/node_modules_next_dist_115brz8._.js:2431
[  600187ms] [LOG] [Fast Refresh] done in 17ms @ http://localhost:3000/_next/static/chunks/node_modules_next_dist_115brz8._.js:2431
[  600495ms] [WARNING] Expected value to be of type number, but found null instead. @ blob:http://localhost:3000/a1d6916f-3943-4310-b3a1-ec1f0e772360:8091
[  600500ms] [WARNING] Expected value to be of type number, but found null instead. @ blob:http://localhost:3000/a1d6916f-3943-4310-b3a1-ec1f0e772360:8091
[  601023ms] [WARNING] Image "gates_11" could not be loaded. Please make sure you have added the image with map.addImage() or a "sprite" property in your style. You can provide missing images by listening for the "styleimagemissing" map event. @ http://localhost:3000/_next/static/chunks/node_modules_next_dist_115brz8._.js:2431
[  984658ms] [LOG] [Fast Refresh] rebuilding @ http://localhost:3000/_next/static/chunks/node_modules_next_dist_115brz8._.js:2431
[  984677ms] [LOG] [Fast Refresh] done in 36ms @ http://localhost:3000/_next/static/chunks/node_modules_next_dist_115brz8._.js:2431
[  984800ms] [LOG] [Fast Refresh] rebuilding @ http://localhost:3000/_next/static/chunks/node_modules_next_dist_115brz8._.js:2431
[  984821ms] [LOG] [Fast Refresh] done in 91ms @ http://localhost:3000/_next/static/chunks/node_modules_next_dist_115brz8._.js:2431
[ 1187522ms] [LOG] [Fast Refresh] rebuilding @ http://localhost:3000/_next/static/chunks/node_modules_next_dist_115brz8._.js:2431
[ 1187542ms] [LOG] [Fast Refresh] done in 31ms @ http://localhost:3000/_next/static/chunks/node_modules_next_dist_115brz8._.js:2431
