[     147ms] [INFO] %cDownload the React DevTools for a better development experience: https://react.dev/link/react-devtools font-weight:bold @ http://localhost:3000/_next/static/chunks/node_modules_next_dist_115brz8._.js:2431
[     204ms] [LOG] [HMR] connected @ http://localhost:3000/_next/static/chunks/node_modules_next_dist_115brz8._.js:2431
[    2238ms] [ERROR] pt @ http://localhost:3000/_next/static/chunks/node_modules_next_dist_115brz8._.js:3272
[    2270ms] [ERROR] pt @ http://localhost:3000/_next/static/chunks/node_modules_next_dist_115brz8._.js:3272
[    2277ms] [ERROR] pt @ http://localhost:3000/_next/static/chunks/node_modules_next_dist_115brz8._.js:3272
[    2280ms] [ERROR] pt @ http://localhost:3000/_next/static/chunks/node_modules_next_dist_115brz8._.js:3272
[    2365ms] [WARNING] Image "movie_or_theatre_11" could not be loaded. Please make sure you have added the image with map.addImage() or a "sprite" property in your style. You can provide missing images by listening for the "styleimagemissing" map event. @ http://localhost:3000/_next/static/chunks/node_modules_next_dist_115brz8._.js:2431
[    2395ms] [WARNING] Image "street_11" could not be loaded. Please make sure you have added the image with map.addImage() or a "sprite" property in your style. You can provide missing images by listening for the "styleimagemissing" map event. @ http://localhost:3000/_next/static/chunks/node_modules_next_dist_115brz8._.js:2431
[    2806ms] [ERROR] pt @ http://localhost:3000/_next/static/chunks/node_modules_next_dist_115brz8._.js:3272
[    2806ms] [ERROR] pt @ http://localhost:3000/_next/static/chunks/node_modules_next_dist_115brz8._.js:3272
[    2806ms] [ERROR] pt @ http://localhost:3000/_next/static/chunks/node_modules_next_dist_115brz8._.js:3272
[    2807ms] [ERROR] pt @ http://localhost:3000/_next/static/chunks/node_modules_next_dist_115brz8._.js:3272
[    2868ms] [ERROR] pt @ http://localhost:3000/_next/static/chunks/node_modules_next_dist_115brz8._.js:3272
[    2869ms] [ERROR] pt @ http://localhost:3000/_next/static/chunks/node_modules_next_dist_115brz8._.js:3272
[    2869ms] [ERROR] pt @ http://localhost:3000/_next/static/chunks/node_modules_next_dist_115brz8._.js:3272
[    2870ms] [ERROR] pt @ http://localhost:3000/_next/static/chunks/node_modules_next_dist_115brz8._.js:3272
[  200578ms] [LOG] [Fast Refresh] rebuilding @ http://localhost:3000/_next/static/chunks/node_modules_next_dist_115brz8._.js:2431
[  200596ms] [LOG] [Fast Refresh] done in 37ms @ http://localhost:3000/_next/static/chunks/node_modules_next_dist_115brz8._.js:2431
[  200719ms] [LOG] [Fast Refresh] rebuilding @ http://localhost:3000/_next/static/chunks/node_modules_next_dist_115brz8._.js:2431
[  200724ms] [LOG] [Fast Refresh] done in 92ms @ http://localhost:3000/_next/static/chunks/node_modules_next_dist_115brz8._.js:2431
[  403442ms] [LOG] [Fast Refresh] rebuilding @ http://localhost:3000/_next/static/chunks/node_modules_next_dist_115brz8._.js:2431
[  403461ms] [LOG] [Fast Refresh] done in 33ms @ http://localhost:3000/_next/static/chunks/node_modules_next_dist_115brz8._.js:2431
