[     137ms] [INFO] %cDownload the React DevTools for a better development experience: https://react.dev/link/react-devtools font-weight:bold @ http://localhost:3000/_next/static/chunks/node_modules_next_dist_115brz8._.js:2431
[     176ms] [LOG] [HMR] connected @ http://localhost:3000/_next/static/chunks/node_modules_next_dist_115brz8._.js:2431
[    2177ms] [ERROR] pt @ http://localhost:3000/_next/static/chunks/node_modules_next_dist_115brz8._.js:3272
[    2177ms] [ERROR] pt @ http://localhost:3000/_next/static/chunks/node_modules_next_dist_115brz8._.js:3272
[    2185ms] [ERROR] pt @ http://localhost:3000/_next/static/chunks/node_modules_next_dist_115brz8._.js:3272
[    2185ms] [ERROR] pt @ http://localhost:3000/_next/static/chunks/node_modules_next_dist_115brz8._.js:3272
[    2203ms] [ERROR] pt @ http://localhost:3000/_next/static/chunks/node_modules_next_dist_115brz8._.js:3272
[    2204ms] [ERROR] pt @ http://localhost:3000/_next/static/chunks/node_modules_next_dist_115brz8._.js:3272
[    2338ms] [WARNING] Image "movie_or_theatre_11" could not be loaded. Please make sure you have added the image with map.addImage() or a "sprite" property in your style. You can provide missing images by listening for the "styleimagemissing" map event. @ http://localhost:3000/_next/static/chunks/node_modules_next_dist_115brz8._.js:2431
[    2351ms] [WARNING] Image "street_11" could not be loaded. Please make sure you have added the image with map.addImage() or a "sprite" property in your style. You can provide missing images by listening for the "styleimagemissing" map event. @ http://localhost:3000/_next/static/chunks/node_modules_next_dist_115brz8._.js:2431
[    2704ms] [ERROR] pt @ http://localhost:3000/_next/static/chunks/node_modules_next_dist_115brz8._.js:3272
[    2705ms] [ERROR] pt @ http://localhost:3000/_next/static/chunks/node_modules_next_dist_115brz8._.js:3272
[    2705ms] [ERROR] pt @ http://localhost:3000/_next/static/chunks/node_modules_next_dist_115brz8._.js:3272
[    2705ms] [ERROR] pt @ http://localhost:3000/_next/static/chunks/node_modules_next_dist_115brz8._.js:3272
[    2967ms] [ERROR] pt @ http://localhost:3000/_next/static/chunks/node_modules_next_dist_115brz8._.js:3272
[    2967ms] [ERROR] pt @ http://localhost:3000/_next/static/chunks/node_modules_next_dist_115brz8._.js:3272
[    2967ms] [ERROR] pt @ http://localhost:3000/_next/static/chunks/node_modules_next_dist_115brz8._.js:3272
[    3071ms] [ERROR] pt @ http://localhost:3000/_next/static/chunks/node_modules_next_dist_115brz8._.js:3272
[    3129ms] [ERROR] pt @ http://localhost:3000/_next/static/chunks/node_modules_next_dist_115brz8._.js:3272
[    3143ms] [ERROR] pt @ http://localhost:3000/_next/static/chunks/node_modules_next_dist_115brz8._.js:3272
[    3155ms] [ERROR] pt @ http://localhost:3000/_next/static/chunks/node_modules_next_dist_115brz8._.js:3272
[    3164ms] [ERROR] pt @ http://localhost:3000/_next/static/chunks/node_modules_next_dist_115brz8._.js:3272
[    3323ms] [ERROR] pt @ http://localhost:3000/_next/static/chunks/node_modules_next_dist_115brz8._.js:3272
[    3340ms] [ERROR] pt @ http://localhost:3000/_next/static/chunks/node_modules_next_dist_115brz8._.js:3272
[    3358ms] [ERROR] pt @ http://localhost:3000/_next/static/chunks/node_modules_next_dist_115brz8._.js:3272
[    3666ms] [ERROR] pt @ http://localhost:3000/_next/static/chunks/node_modules_next_dist_115brz8._.js:3272
[    3666ms] [ERROR] pt @ http://localhost:3000/_next/static/chunks/node_modules_next_dist_115brz8._.js:3272
[  366799ms] [LOG] [Fast Refresh] rebuilding @ http://localhost:3000/_next/static/chunks/node_modules_next_dist_115brz8._.js:2431
[  366817ms] [LOG] [Fast Refresh] done in 36ms @ http://localhost:3000/_next/static/chunks/node_modules_next_dist_115brz8._.js:2431
[  366940ms] [LOG] [Fast Refresh] rebuilding @ http://localhost:3000/_next/static/chunks/node_modules_next_dist_115brz8._.js:2431
[  366946ms] [LOG] [Fast Refresh] done in 91ms @ http://localhost:3000/_next/static/chunks/node_modules_next_dist_115brz8._.js:2431
[  569663ms] [LOG] [Fast Refresh] rebuilding @ http://localhost:3000/_next/static/chunks/node_modules_next_dist_115brz8._.js:2431
[  569682ms] [LOG] [Fast Refresh] done in 32ms @ http://localhost:3000/_next/static/chunks/node_modules_next_dist_115brz8._.js:2431
